\BOOKMARK [1][-]{section.1}{Einleitung}{}% 1
\BOOKMARK [2][-]{subsection.1.1}{Vorwort}{section.1}% 2
\BOOKMARK [2][-]{subsection.1.2}{Wie man dieses Dokument benutzt}{section.1}% 3
\BOOKMARK [1][-]{section.2}{Wunden}{}% 4
\BOOKMARK [2][-]{subsection.2.1}{Wundschwelle}{section.2}% 5
\BOOKMARK [2][-]{subsection.2.2}{Heilung von Wunden}{section.2}% 6
\BOOKMARK [1][-]{section.3}{QVAT}{}% 7
\BOOKMARK [1][-]{section.4}{Initiative}{}% 8
\BOOKMARK [1][-]{section.5}{Allgemeines zum Kampf}{}% 9
\BOOKMARK [1][-]{section.6}{Sonderfertigkeiten f\374r den bewaffneten Kampf}{}% 10
\BOOKMARK [2][-]{subsection.6.1}{Ausweichen}{section.6}% 11
\BOOKMARK [2][-]{subsection.6.2}{Aufmerksamkeit}{section.6}% 12
\BOOKMARK [2][-]{subsection.6.3}{Beidh\344ndiger Kampf}{section.6}% 13
\BOOKMARK [2][-]{subsection.6.4}{Blindkampf}{section.6}% 14
\BOOKMARK [2][-]{subsection.6.5}{Halbschwert}{section.6}% 15
\BOOKMARK [2][-]{subsection.6.6}{Improvisierte Waffen}{section.6}% 16
\BOOKMARK [2][-]{subsection.6.7}{Kampfgesp\374r}{section.6}% 17
\BOOKMARK [2][-]{subsection.6.8}{Kampfreflexe}{section.6}% 18
\BOOKMARK [2][-]{subsection.6.9}{Kampf im Wasser}{section.6}% 19
\BOOKMARK [2][-]{subsection.6.10}{Klingent\344nzer}{section.6}% 20
\BOOKMARK [2][-]{subsection.6.11}{Kriegsreiterei}{section.6}% 21
\BOOKMARK [2][-]{subsection.6.12}{Linkhand}{section.6}% 22
\BOOKMARK [2][-]{subsection.6.13}{Parierwaffen}{section.6}% 23
\BOOKMARK [2][-]{subsection.6.14}{Reiterkampf}{section.6}% 24
\BOOKMARK [2][-]{subsection.6.15}{R\374stungsgew\366hnung}{section.6}% 25
\BOOKMARK [2][-]{subsection.6.16}{Schildkampf}{section.6}% 26
\BOOKMARK [2][-]{subsection.6.17}{Schnellziehen}{section.6}% 27
\BOOKMARK [2][-]{subsection.6.18}{Spiessgespann}{section.6}% 28
\BOOKMARK [2][-]{subsection.6.19}{Turnierreiterei}{section.6}% 29
\BOOKMARK [2][-]{subsection.6.20}{Unterwasserkampf}{section.6}% 30
\BOOKMARK [1][-]{section.7}{Bewaffnete AT-Man\366ver}{}% 31
\BOOKMARK [2][-]{subsection.7.1}{Angriff mit dem Schild \(Autotreffer / Aktion\)}{section.7}% 32
\BOOKMARK [2][-]{subsection.7.2}{Auf Distanz halten \(kein Autotreffer / Aktion\)}{section.7}% 33
\BOOKMARK [2][-]{subsection.7.3}{Ausfall \(Autotreffer / Aktion\)}{section.7}% 34
\BOOKMARK [2][-]{subsection.7.4}{Befreiungsschlag \(Autotreffer / Aktion+Reaktion\)}{section.7}% 35
\BOOKMARK [2][-]{subsection.7.5}{Bet\344ubungsschlag \(Autotreffer / Aktion\)}{section.7}% 36
\BOOKMARK [2][-]{subsection.7.6}{Doppelangriff \(Autotreffer / Aktion\)}{section.7}% 37
\BOOKMARK [2][-]{subsection.7.7}{Entwaffnen \(kein Autotreffer / Aktion\)}{section.7}% 38
\BOOKMARK [2][-]{subsection.7.8}{Festnageln \(Autotreffer \040/ Aktion+Reaktion\)}{section.7}% 39
\BOOKMARK [2][-]{subsection.7.9}{Finte \(Autotreffer / Aktion\)}{section.7}% 40
\BOOKMARK [2][-]{subsection.7.10}{Gezielter Stich \(Autotreffer / Aktion\)}{section.7}% 41
\BOOKMARK [2][-]{subsection.7.11}{Hammerschlag \(Autotreffer / Aktion+alle \040Reaktionen\)}{section.7}% 42
\BOOKMARK [2][-]{subsection.7.12}{Klingensturm \(Autotreffer / Aktion\)}{section.7}% 43
\BOOKMARK [2][-]{subsection.7.13}{Niederwerfen \(Autotreffer / Aktion\)}{section.7}% 44
\BOOKMARK [2][-]{subsection.7.14}{Passierschlag \(kein Autotreffer / Freie Raufen oder \040Ringen-Aktion\)}{section.7}% 45
\BOOKMARK [2][-]{subsection.7.15}{Schildspalter \(kein Autotreffer / Aktion\)}{section.7}% 46
\BOOKMARK [2][-]{subsection.7.16}{Stumpfer Schlag \(Autotreffer / Aktion\)}{section.7}% 47
\BOOKMARK [2][-]{subsection.7.17}{Sturmangriff \(kein Autotreffer / speziell\)}{section.7}% 48
\BOOKMARK [2][-]{subsection.7.18}{Tod von Links \(Autotreffer / Aktion\)}{section.7}% 49
\BOOKMARK [2][-]{subsection.7.19}{Todesstoss \(Autotreffer / Aktion+alle \040Reaktionen\)}{section.7}% 50
\BOOKMARK [2][-]{subsection.7.20}{Umreissen \(kein Autotreffer / Aktion\)}{section.7}% 51
\BOOKMARK [2][-]{subsection.7.21}{Unterlaufen \(kein Autotreffer / Aktion\)}{section.7}% 52
\BOOKMARK [2][-]{subsection.7.22}{Wuchtschlag \(Autotreffer / Aktion\)}{section.7}% 53
